<?xml version="1.0" encoding="UTF-8"?>
<!-- Generated by org.testng.reporters.JUnitReportReporter -->
<testsuite hostname="Rizals-MacBook-Pro.local" failures="0" tests="1" name="com.vms.tests.registrationVendor" time="47.942" errors="0" timestamp="2025-09-17T14:48:04 WIB" skipped="0">
  <testcase classname="com.vms.tests.registrationVendor" name="vendorRegistrationByVMStaff" time="47.942"/>
</testsuite> <!-- com.vms.tests.registrationVendor -->
