<?xml version="1.0" encoding="UTF-8"?>
<!-- Generated by org.testng.reporters.JUnitReportReporter -->
<testsuite hostname="Rizals-MacBook-Pro.local" failures="0" tests="1" name="com.vms.tests.editVendor" time="18.054" errors="0" timestamp="2025-09-18T09:54:00 WIB" skipped="0">
  <testcase classname="com.vms.tests.editVendor" name="editVendorStage2" time="18.054"/>
</testsuite> <!-- com.vms.tests.editVendor -->
