<?xml version="1.0" encoding="UTF-8"?>
<!-- Generated by org.testng.reporters.JUnitReportReporter -->
<testsuite hostname="Rizals-MacBook-Pro.local" failures="0" tests="1" name="com.vms.tests.registrationVendor" time="50.760" errors="0" timestamp="2025-09-30T15:00:37 WIB" skipped="0">
  <testcase classname="com.vms.tests.registrationVendor" name="vendorRegistrationByVMStaff" time="50.760"/>
</testsuite> <!-- com.vms.tests.registrationVendor -->
